build/app/intermediates/manifest_merge_blame_file/release/manifest-merger-blame-release-report.txt
1<?xml version="1.0" encoding="utf-8"?>
2<manifest xmlns:android="http://schemas.android.com/apk/res/android"
3    package="com.mvs.user"
4    android:versionCode="1"
5    android:versionName="1.0.0" >
6
7    <uses-sdk
8        android:minSdkVersion="21"
8-->src\main\AndroidManifest.xml
9        android:targetSdkVersion="32" />
9-->src\main\AndroidManifest.xml
10
11    <uses-permission android:name="android.permission.INTERNET" />
11-->src\main\AndroidManifest.xml:4:5-67
11-->src\main\AndroidManifest.xml:4:22-64
12    <uses-permission android:name="android.permission.WRITE_EXTERNAL_STORAGE" />
12-->src\main\AndroidManifest.xml:5:5-81
12-->src\main\AndroidManifest.xml:5:22-78
13    <uses-permission android:name="android.permission.ACCESS_FINE_LOCATION" />
13-->src\main\AndroidManifest.xml:6:5-79
13-->src\main\AndroidManifest.xml:6:22-76
14    <uses-permission android:name="android.permission.READ_EXTERNAL_STORAGE" />
14-->src\main\AndroidManifest.xml:7:5-80
14-->src\main\AndroidManifest.xml:7:22-77
15    <uses-permission android:name="android.permission.ACCESS_COARSE_LOCATION" />
15-->src\main\AndroidManifest.xml:8:5-81
15-->src\main\AndroidManifest.xml:8:22-78
16    <uses-permission android:name="android.permission.RECORD_AUDIO" />
16-->src\main\AndroidManifest.xml:9:5-71
16-->src\main\AndroidManifest.xml:9:22-68
17    <uses-permission android:name="android.permission.ACCESS_MEDIA_LOCATION" />
17-->src\main\AndroidManifest.xml:10:5-80
17-->src\main\AndroidManifest.xml:10:22-77
18    <uses-permission android:name="android.permission.VIBRATE" />
18-->src\main\AndroidManifest.xml:11:5-66
18-->src\main\AndroidManifest.xml:11:22-63
19    <uses-permission android:name="android.permission.BLUETOOTH" />
19-->src\main\AndroidManifest.xml:12:5-68
19-->src\main\AndroidManifest.xml:12:22-65
20    <uses-permission android:name="android.permission.BLUETOOTH_ADMIN" />
20-->src\main\AndroidManifest.xml:13:5-74
20-->src\main\AndroidManifest.xml:13:22-71
21    <uses-permission android:name="android.permission.MANAGE_EXTERNAL_STORAGE" />
21-->src\main\AndroidManifest.xml:14:5-82
21-->src\main\AndroidManifest.xml:14:22-79
22    <uses-permission android:name="android.permission.WAKE_LOCK" />
22-->[:firebase_messaging] AndroidManifest.xml:8:5-68
22-->[:firebase_messaging] AndroidManifest.xml:8:22-65
23    <uses-permission android:name="android.permission.ACCESS_NETWORK_STATE" />
23-->[:firebase_messaging] AndroidManifest.xml:9:5-79
23-->[:firebase_messaging] AndroidManifest.xml:9:22-76
24    <uses-permission android:name="android.permission.RECEIVE_BOOT_COMPLETED" />
24-->[:flutter_local_notifications] AndroidManifest.xml:7:5-81
24-->[:flutter_local_notifications] AndroidManifest.xml:7:22-78
25    <uses-permission android:name="android.permission.USE_FULL_SCREEN_INTENT" />
25-->[:flutter_local_notifications] AndroidManifest.xml:9:5-81
25-->[:flutter_local_notifications] AndroidManifest.xml:9:22-78
26    <uses-permission android:name="android.permission.SCHEDULE_EXACT_ALARM" />
26-->[:flutter_local_notifications] AndroidManifest.xml:10:5-79
26-->[:flutter_local_notifications] AndroidManifest.xml:10:22-76
27
28    <queries>
28-->[:file_picker] AndroidManifest.xml:9:5-15:15
29        <intent>
29-->[:file_picker] AndroidManifest.xml:10:9-14:18
30            <action android:name="android.intent.action.GET_CONTENT" />
30-->[:file_picker] AndroidManifest.xml:11:13-72
30-->[:file_picker] AndroidManifest.xml:11:21-69
31
32            <data android:mimeType="*/*" />
32-->[:file_picker] AndroidManifest.xml:13:13-44
32-->[:file_picker] AndroidManifest.xml:13:19-41
33        </intent>
34        <intent>
34-->[:flutter_inappwebview] AndroidManifest.xml:8:9-10:18
35            <action android:name="android.support.customtabs.action.CustomTabsService" />
35-->[:flutter_inappwebview] AndroidManifest.xml:9:13-90
35-->[:flutter_inappwebview] AndroidManifest.xml:9:21-87
36        </intent>
37        <intent>
37-->[:flutter_downloader] AndroidManifest.xml:9:9-11:18
38            <action android:name="android.intent.action.VIEW" />
38-->[:flutter_downloader] AndroidManifest.xml:10:13-65
38-->[:flutter_downloader] AndroidManifest.xml:10:21-62
39        </intent> <!-- Added to check if Chrome is installed for browser-based payment authentication (e.g. 3DS1). -->
40        <package android:name="com.android.chrome" /> <!-- Specific apps you interact with, eg: -->
40-->[com.stripe:payments-core:18.1.0] AndroidManifest.xml:13:9-54
40-->[com.stripe:payments-core:18.1.0] AndroidManifest.xml:13:18-51
41        <package android:name="com.paytm.pgsdk.TransactionManager.PAYTM_APP_PACKAGE" />
41-->[com.paytm.appinvokesdk:appinvokesdk:1.6.4] AndroidManifest.xml:12:9-88
41-->[com.paytm.appinvokesdk:appinvokesdk:1.6.4] AndroidManifest.xml:12:18-85
42        <!--
43             Specific intents you query for,
44             eg: for a custom share UI
45        -->
46        <intent>
46-->[com.paytm.appinvokesdk:appinvokesdk:1.6.4] AndroidManifest.xml:17:9-19:18
47            <action android:name="android.intent.action.MAIN" />
47-->src\main\AndroidManifest.xml:43:17-69
47-->src\main\AndroidManifest.xml:43:25-66
48        </intent>
49    </queries>
50
51    <uses-permission android:name="android.permission.REQUEST_INSTALL_PACKAGES" /> <!-- Required by older versions of Google Play services to create IID tokens -->
51-->[:open_file] AndroidManifest.xml:8:5-83
51-->[:open_file] AndroidManifest.xml:8:22-80
52    <uses-permission android:name="com.google.android.c2dm.permission.RECEIVE" />
52-->[com.google.firebase:firebase-messaging:23.0.0] AndroidManifest.xml:25:5-82
52-->[com.google.firebase:firebase-messaging:23.0.0] AndroidManifest.xml:25:22-79
53    <uses-permission android:name="android.permission.READ_PHONE_STATE" />
53-->[com.paytm.easypay:easypay-appinvoke:1.7.3] AndroidManifest.xml:10:5-75
53-->[com.paytm.easypay:easypay-appinvoke:1.7.3] AndroidManifest.xml:10:22-72
54    <uses-permission android:name="android.permission.FOREGROUND_SERVICE" />
54-->[androidx.work:work-runtime:2.7.1] AndroidManifest.xml:28:5-77
54-->[androidx.work:work-runtime:2.7.1] AndroidManifest.xml:28:22-74
55
56    <uses-feature
56-->[com.google.android.gms:play-services-maps:17.0.0] AndroidManifest.xml:26:5-28:35
57        android:glEsVersion="0x00020000"
57-->[com.google.android.gms:play-services-maps:17.0.0] AndroidManifest.xml:27:9-41
58        android:required="true" />
58-->[com.google.android.gms:play-services-maps:17.0.0] AndroidManifest.xml:28:9-32
59
60    <uses-permission android:name="com.google.android.finsky.permission.BIND_GET_INSTALL_REFERRER_SERVICE" /> <!-- Include required permissions for Advertising Id -->
60-->[com.google.android.gms:play-services-measurement:20.0.2] AndroidManifest.xml:26:5-110
60-->[com.google.android.gms:play-services-measurement:20.0.2] AndroidManifest.xml:26:22-107
61    <uses-permission android:name="com.google.android.gms.permission.AD_ID" />
61-->[com.google.android.gms:play-services-ads-identifier:18.0.0] AndroidManifest.xml:23:5-79
61-->[com.google.android.gms:play-services-ads-identifier:18.0.0] AndroidManifest.xml:23:22-76
62
63    <application
64        android:name="android.app.Application"
64-->src\main\AndroidManifest.xml:19:9-42
65        android:appComponentFactory="androidx.core.app.CoreComponentFactory"
65-->[androidx.core:core:1.6.0] AndroidManifest.xml:24:18-86
66        android:icon="@mipmap/ic_launcher"
66-->src\main\AndroidManifest.xml:20:9-43
67        android:label="MVS User"
67-->src\main\AndroidManifest.xml:21:9-33
68        android:requestLegacyExternalStorage="true" >
68-->src\main\AndroidManifest.xml:22:9-52
69        <meta-data
69-->src\main\AndroidManifest.xml:24:9-25:75
70            android:name="com.google.android.geo.API_KEY"
70-->src\main\AndroidManifest.xml:24:20-65
71            android:value="{{AIzaSyChdEii3n9rDb_PG_70ALmY_7fiiyH9jvw}}" />
71-->src\main\AndroidManifest.xml:25:13-72
72
73        <activity
73-->src\main\AndroidManifest.xml:27:9-46:20
74            android:name="com.mvs.user.MainActivity"
74-->src\main\AndroidManifest.xml:28:13-41
75            android:configChanges="orientation|keyboardHidden|keyboard|screenSize|smallestScreenSize|locale|layoutDirection|fontScale|screenLayout|density|uiMode"
75-->src\main\AndroidManifest.xml:29:13-163
76            android:exported="true"
76-->src\main\AndroidManifest.xml:30:13-36
77            android:hardwareAccelerated="true"
77-->src\main\AndroidManifest.xml:31:13-47
78            android:launchMode="singleTop"
78-->src\main\AndroidManifest.xml:32:13-43
79            android:theme="@style/LaunchTheme"
79-->src\main\AndroidManifest.xml:33:13-47
80            android:windowSoftInputMode="adjustResize" >
80-->src\main\AndroidManifest.xml:34:13-55
81
82            <!--
83                 Specifies an Android theme to apply to this Activity as soon as
84                 the Android process has started. This theme is visible to the user
85                 while the Flutter UI initializes. After that, this theme continues
86                 to determine the Window background behind the Flutter UI.
87            -->
88            <meta-data
88-->src\main\AndroidManifest.xml:39:13-41:57
89                android:name="io.flutter.embedding.android.NormalTheme"
89-->src\main\AndroidManifest.xml:40:17-72
90                android:resource="@style/NormalTheme" />
90-->src\main\AndroidManifest.xml:41:17-54
91
92            <intent-filter>
92-->src\main\AndroidManifest.xml:42:13-45:29
93                <action android:name="android.intent.action.MAIN" />
93-->src\main\AndroidManifest.xml:43:17-69
93-->src\main\AndroidManifest.xml:43:25-66
94
95                <category android:name="android.intent.category.LAUNCHER" />
95-->src\main\AndroidManifest.xml:44:17-77
95-->src\main\AndroidManifest.xml:44:27-74
96            </intent-filter>
97        </activity>
98        <!--
99             Don't delete the meta-data below.
100             This is used by the Flutter tool to generate GeneratedPluginRegistrant.java
101        -->
102        <meta-data
102-->src\main\AndroidManifest.xml:49:9-51:33
103            android:name="flutterEmbedding"
103-->src\main\AndroidManifest.xml:50:13-44
104            android:value="2" />
104-->src\main\AndroidManifest.xml:51:13-30
105
106        <service
106-->[:firebase_messaging] AndroidManifest.xml:12:9-15:72
107            android:name="io.flutter.plugins.firebase.messaging.FlutterFirebaseMessagingBackgroundService"
107-->[:firebase_messaging] AndroidManifest.xml:13:13-107
108            android:exported="false"
108-->[:firebase_messaging] AndroidManifest.xml:14:13-37
109            android:permission="android.permission.BIND_JOB_SERVICE" />
109-->[:firebase_messaging] AndroidManifest.xml:15:13-69
110        <service
110-->[:firebase_messaging] AndroidManifest.xml:16:9-22:19
111            android:name="io.flutter.plugins.firebase.messaging.FlutterFirebaseMessagingService"
111-->[:firebase_messaging] AndroidManifest.xml:17:13-97
112            android:exported="false" >
112-->[:firebase_messaging] AndroidManifest.xml:18:13-37
113            <intent-filter>
113-->[:firebase_messaging] AndroidManifest.xml:19:13-21:29
114                <action android:name="com.google.firebase.MESSAGING_EVENT" />
114-->[:firebase_messaging] AndroidManifest.xml:20:17-78
114-->[:firebase_messaging] AndroidManifest.xml:20:25-75
115            </intent-filter>
116        </service>
117
118        <receiver
118-->[:firebase_messaging] AndroidManifest.xml:24:9-31:20
119            android:name="io.flutter.plugins.firebase.messaging.FlutterFirebaseMessagingReceiver"
119-->[:firebase_messaging] AndroidManifest.xml:25:13-98
120            android:exported="true"
120-->[:firebase_messaging] AndroidManifest.xml:26:13-36
121            android:permission="com.google.android.c2dm.permission.SEND" >
121-->[:firebase_messaging] AndroidManifest.xml:27:13-73
122            <intent-filter>
122-->[:firebase_messaging] AndroidManifest.xml:28:13-30:29
123                <action android:name="com.google.android.c2dm.intent.RECEIVE" />
123-->[:firebase_messaging] AndroidManifest.xml:29:17-81
123-->[:firebase_messaging] AndroidManifest.xml:29:25-78
124            </intent-filter>
125        </receiver>
126
127        <service
127-->[:firebase_messaging] AndroidManifest.xml:33:9-37:19
128            android:name="com.google.firebase.components.ComponentDiscoveryService"
128-->[:firebase_messaging] AndroidManifest.xml:33:18-89
129            android:directBootAware="true"
129-->[com.google.firebase:firebase-common:20.0.0] AndroidManifest.xml:35:13-43
130            android:exported="false" >
130-->[com.google.firebase:firebase-messaging:23.0.0] AndroidManifest.xml:51:13-37
131            <meta-data
131-->[:firebase_messaging] AndroidManifest.xml:34:13-36:85
132                android:name="com.google.firebase.components:io.flutter.plugins.firebase.messaging.FlutterFirebaseAppRegistrar"
132-->[:firebase_messaging] AndroidManifest.xml:35:17-128
133                android:value="com.google.firebase.components.ComponentRegistrar" />
133-->[:firebase_messaging] AndroidManifest.xml:36:17-82
134            <meta-data
134-->[:firebase_dynamic_links] AndroidManifest.xml:11:13-13:85
135                android:name="com.google.firebase.components:io.flutter.plugins.firebase.dynamiclinks.FlutterFirebaseAppRegistrar"
135-->[:firebase_dynamic_links] AndroidManifest.xml:12:17-131
136                android:value="com.google.firebase.components.ComponentRegistrar" />
136-->[:firebase_dynamic_links] AndroidManifest.xml:13:17-82
137            <meta-data
137-->[:firebase_auth] AndroidManifest.xml:9:13-11:85
138                android:name="com.google.firebase.components:io.flutter.plugins.firebase.auth.FlutterFirebaseAuthRegistrar"
138-->[:firebase_auth] AndroidManifest.xml:10:17-124
139                android:value="com.google.firebase.components.ComponentRegistrar" />
139-->[:firebase_auth] AndroidManifest.xml:11:17-82
140            <meta-data
140-->[:firebase_core] AndroidManifest.xml:9:13-11:85
141                android:name="com.google.firebase.components:io.flutter.plugins.firebase.core.FlutterFirebaseCoreRegistrar"
141-->[:firebase_core] AndroidManifest.xml:10:17-124
142                android:value="com.google.firebase.components.ComponentRegistrar" />
142-->[:firebase_core] AndroidManifest.xml:11:17-82
143            <meta-data
143-->[com.google.firebase:firebase-messaging:23.0.0] AndroidManifest.xml:52:13-54:85
144                android:name="com.google.firebase.components:com.google.firebase.messaging.FirebaseMessagingRegistrar"
144-->[com.google.firebase:firebase-messaging:23.0.0] AndroidManifest.xml:53:17-119
145                android:value="com.google.firebase.components.ComponentRegistrar" />
145-->[com.google.firebase:firebase-messaging:23.0.0] AndroidManifest.xml:54:17-82
146            <meta-data
146-->[com.google.firebase:firebase-datatransport:18.0.0] AndroidManifest.xml:28:13-30:85
147                android:name="com.google.firebase.components:com.google.firebase.datatransport.TransportRegistrar"
147-->[com.google.firebase:firebase-datatransport:18.0.0] AndroidManifest.xml:29:17-115
148                android:value="com.google.firebase.components.ComponentRegistrar" />
148-->[com.google.firebase:firebase-datatransport:18.0.0] AndroidManifest.xml:30:17-82
149            <meta-data
149-->[com.google.firebase:firebase-auth:21.0.1] AndroidManifest.xml:77:13-79:85
150                android:name="com.google.firebase.components:com.google.firebase.auth.FirebaseAuthRegistrar"
150-->[com.google.firebase:firebase-auth:21.0.1] AndroidManifest.xml:78:17-109
151                android:value="com.google.firebase.components.ComponentRegistrar" />
151-->[com.google.firebase:firebase-auth:21.0.1] AndroidManifest.xml:79:17-82
152            <meta-data
152-->[com.google.firebase:firebase-dynamic-links:21.0.0] AndroidManifest.xml:27:13-29:85
153                android:name="com.google.firebase.components:com.google.firebase.dynamiclinks.internal.FirebaseDynamicLinkRegistrar"
153-->[com.google.firebase:firebase-dynamic-links:21.0.0] AndroidManifest.xml:28:17-133
154                android:value="com.google.firebase.components.ComponentRegistrar" />
154-->[com.google.firebase:firebase-dynamic-links:21.0.0] AndroidManifest.xml:29:17-82
155            <meta-data
155-->[com.google.android.gms:play-services-measurement-api:20.0.2] AndroidManifest.xml:30:13-32:85
156                android:name="com.google.firebase.components:com.google.firebase.analytics.connector.internal.AnalyticsConnectorRegistrar"
156-->[com.google.android.gms:play-services-measurement-api:20.0.2] AndroidManifest.xml:31:17-139
157                android:value="com.google.firebase.components.ComponentRegistrar" />
157-->[com.google.android.gms:play-services-measurement-api:20.0.2] AndroidManifest.xml:32:17-82
158            <meta-data
158-->[com.google.firebase:firebase-installations:17.0.0] AndroidManifest.xml:18:13-20:85
159                android:name="com.google.firebase.components:com.google.firebase.installations.FirebaseInstallationsRegistrar"
159-->[com.google.firebase:firebase-installations:17.0.0] AndroidManifest.xml:19:17-127
160                android:value="com.google.firebase.components.ComponentRegistrar" />
160-->[com.google.firebase:firebase-installations:17.0.0] AndroidManifest.xml:20:17-82
161        </service>
162
163        <provider
163-->[:firebase_messaging] AndroidManifest.xml:39:9-43:38
164            android:name="io.flutter.plugins.firebase.messaging.FlutterFirebaseMessagingInitProvider"
164-->[:firebase_messaging] AndroidManifest.xml:40:13-102
165            android:authorities="com.mvs.user.flutterfirebasemessaginginitprovider"
165-->[:firebase_messaging] AndroidManifest.xml:41:13-88
166            android:exported="false"
166-->[:firebase_messaging] AndroidManifest.xml:42:13-37
167            android:initOrder="99" />
167-->[:firebase_messaging] AndroidManifest.xml:43:13-35
168
169        <receiver
169-->[:flutter_local_notifications] AndroidManifest.xml:13:9-15:40
170            android:name="com.dexterous.flutterlocalnotifications.ScheduledNotificationReceiver"
170-->[:flutter_local_notifications] AndroidManifest.xml:14:13-97
171            android:exported="false" />
171-->[:flutter_local_notifications] AndroidManifest.xml:15:13-37
172        <receiver
172-->[:flutter_local_notifications] AndroidManifest.xml:16:9-25:20
173            android:name="com.dexterous.flutterlocalnotifications.ScheduledNotificationBootReceiver"
173-->[:flutter_local_notifications] AndroidManifest.xml:17:13-101
174            android:exported="false" >
174-->[:flutter_local_notifications] AndroidManifest.xml:18:13-37
175            <intent-filter>
175-->[:flutter_local_notifications] AndroidManifest.xml:19:13-24:29
176                <action android:name="android.intent.action.BOOT_COMPLETED" />
176-->[:flutter_local_notifications] AndroidManifest.xml:20:17-79
176-->[:flutter_local_notifications] AndroidManifest.xml:20:25-76
177                <action android:name="android.intent.action.MY_PACKAGE_REPLACED" />
177-->[:flutter_local_notifications] AndroidManifest.xml:21:17-84
177-->[:flutter_local_notifications] AndroidManifest.xml:21:25-81
178                <action android:name="android.intent.action.QUICKBOOT_POWERON" />
178-->[:flutter_local_notifications] AndroidManifest.xml:22:17-82
178-->[:flutter_local_notifications] AndroidManifest.xml:22:25-79
179                <action android:name="com.htc.intent.action.QUICKBOOT_POWERON" />
179-->[:flutter_local_notifications] AndroidManifest.xml:23:17-82
179-->[:flutter_local_notifications] AndroidManifest.xml:23:25-79
180            </intent-filter>
181        </receiver>
182
183        <activity
183-->[:flutter_inappwebview] AndroidManifest.xml:14:9-17:47
184            android:name="com.pichillilorenzo.flutter_inappwebview.in_app_browser.InAppBrowserActivity"
184-->[:flutter_inappwebview] AndroidManifest.xml:15:13-104
185            android:configChanges="orientation|keyboardHidden|keyboard|screenSize|locale|layoutDirection|fontScale|screenLayout|density"
185-->[:flutter_inappwebview] AndroidManifest.xml:16:13-137
186            android:theme="@style/AppTheme" />
186-->[:flutter_inappwebview] AndroidManifest.xml:17:13-44
187        <activity
187-->[:flutter_inappwebview] AndroidManifest.xml:18:9-20:55
188            android:name="com.pichillilorenzo.flutter_inappwebview.chrome_custom_tabs.ChromeCustomTabsActivity"
188-->[:flutter_inappwebview] AndroidManifest.xml:19:13-112
189            android:theme="@style/ThemeTransparent" />
189-->[:flutter_inappwebview] AndroidManifest.xml:20:13-52
190
191        <receiver android:name="com.pichillilorenzo.flutter_inappwebview.chrome_custom_tabs.ActionBroadcastReceiver" />
191-->[:flutter_inappwebview] AndroidManifest.xml:22:9-120
191-->[:flutter_inappwebview] AndroidManifest.xml:22:19-117
192
193        <meta-data
193-->[:flutter_inappwebview] AndroidManifest.xml:24:9-26:36
194            android:name="io.flutter.embedded_views_preview"
194-->[:flutter_inappwebview] AndroidManifest.xml:25:13-61
195            android:value="true" />
195-->[:flutter_inappwebview] AndroidManifest.xml:26:13-33
196
197        <provider
197-->[:share_plus] AndroidManifest.xml:8:9-16:20
198            android:name="dev.fluttercommunity.plus.share.ShareFileProvider"
198-->[:share_plus] AndroidManifest.xml:9:13-77
199            android:authorities="com.mvs.user.flutter.share_provider"
199-->[:share_plus] AndroidManifest.xml:10:13-74
200            android:exported="false"
200-->[:share_plus] AndroidManifest.xml:11:13-37
201            android:grantUriPermissions="true" >
201-->[:share_plus] AndroidManifest.xml:12:13-47
202            <meta-data
202-->[:share_plus] AndroidManifest.xml:13:13-15:68
203                android:name="android.support.FILE_PROVIDER_PATHS"
203-->[:share_plus] AndroidManifest.xml:14:17-67
204                android:resource="@xml/flutter_share_file_paths" />
204-->[:share_plus] AndroidManifest.xml:15:17-65
205        </provider>
206
207        <activity
207-->[:razorpay_flutter] AndroidManifest.xml:8:9-12:20
208            android:name="com.razorpay.CheckoutActivity"
208-->[:razorpay_flutter] AndroidManifest.xml:9:13-57
209            android:configChanges="keyboard|keyboardHidden|orientation|screenSize"
209-->[com.razorpay:checkout:1.6.15] AndroidManifest.xml:20:13-83
210            android:exported="false"
210-->[:razorpay_flutter] AndroidManifest.xml:10:13-37
211            android:label="Razorpay Checkout"
211-->[:razorpay_flutter] AndroidManifest.xml:11:13-46
212            android:theme="@style/CheckoutTheme" >
212-->[com.razorpay:checkout:1.6.15] AndroidManifest.xml:21:13-49
213            <intent-filter>
213-->[com.razorpay:checkout:1.6.15] AndroidManifest.xml:22:13-28:29
214                <action android:name="android.intent.action.MAIN" />
214-->src\main\AndroidManifest.xml:43:17-69
214-->src\main\AndroidManifest.xml:43:25-66
215
216                <data
216-->[:file_picker] AndroidManifest.xml:13:13-44
217                    android:host="rzp.io"
218                    android:scheme="io.rzp" />
219            </intent-filter>
220        </activity>
221
222        <receiver
222-->[:razorpay_flutter] AndroidManifest.xml:14:9-20:20
223            android:name="com.razorpay.RzpTokenReceiver"
223-->[:razorpay_flutter] AndroidManifest.xml:15:13-57
224            android:exported="false" >
224-->[:razorpay_flutter] AndroidManifest.xml:16:13-37
225            <intent-filter>
225-->[:razorpay_flutter] AndroidManifest.xml:17:13-19:29
226                <action android:name="rzp.device_token.share" />
226-->[:razorpay_flutter] AndroidManifest.xml:18:17-65
226-->[:razorpay_flutter] AndroidManifest.xml:18:25-62
227            </intent-filter>
228        </receiver>
229
230        <activity
230-->[:flutter_paystack] AndroidManifest.xml:10:9-12:54
231            android:name="co.paystack.flutterpaystack.AuthActivity"
231-->[:flutter_paystack] AndroidManifest.xml:11:13-68
232            android:theme="@style/Paystack.Dialog" />
232-->[:flutter_paystack] AndroidManifest.xml:12:13-51
233        <activity
233-->[:url_launcher_android] AndroidManifest.xml:8:9-11:74
234            android:name="io.flutter.plugins.urllauncher.WebViewActivity"
234-->[:url_launcher_android] AndroidManifest.xml:9:13-74
235            android:exported="false"
235-->[:url_launcher_android] AndroidManifest.xml:10:13-37
236            android:theme="@android:style/Theme.NoTitleBar.Fullscreen" />
236-->[:url_launcher_android] AndroidManifest.xml:11:13-71
237
238        <provider
238-->[:open_file] AndroidManifest.xml:12:9-21:20
239            android:name="com.crazecoder.openfile.FileProvider"
239-->[:open_file] AndroidManifest.xml:13:13-64
240            android:authorities="com.mvs.user.fileProvider.com.crazecoder.openfile"
240-->[:open_file] AndroidManifest.xml:14:13-88
241            android:exported="false"
241-->[:open_file] AndroidManifest.xml:15:13-37
242            android:grantUriPermissions="true" >
242-->[:open_file] AndroidManifest.xml:16:13-47
243            <meta-data
243-->[:share_plus] AndroidManifest.xml:13:13-15:68
244                android:name="android.support.FILE_PROVIDER_PATHS"
244-->[:share_plus] AndroidManifest.xml:14:17-67
245                android:resource="@xml/filepaths" />
245-->[:share_plus] AndroidManifest.xml:15:17-65
246        </provider>
247
248        <activity
248-->[com.stripe:paymentsheet:18.1.0] AndroidManifest.xml:10:9-13:69
249            android:name="com.stripe.android.paymentsheet.PaymentSheetActivity"
249-->[com.stripe:paymentsheet:18.1.0] AndroidManifest.xml:11:13-80
250            android:exported="false"
250-->[com.stripe:paymentsheet:18.1.0] AndroidManifest.xml:12:13-37
251            android:theme="@style/StripePaymentSheetDefaultTheme" />
251-->[com.stripe:paymentsheet:18.1.0] AndroidManifest.xml:13:13-66
252        <activity
252-->[com.stripe:paymentsheet:18.1.0] AndroidManifest.xml:14:9-17:69
253            android:name="com.stripe.android.paymentsheet.PaymentOptionsActivity"
253-->[com.stripe:paymentsheet:18.1.0] AndroidManifest.xml:15:13-82
254            android:exported="false"
254-->[com.stripe:paymentsheet:18.1.0] AndroidManifest.xml:16:13-37
255            android:theme="@style/StripePaymentSheetDefaultTheme" />
255-->[com.stripe:paymentsheet:18.1.0] AndroidManifest.xml:17:13-66
256        <activity
256-->[com.stripe:payments-core:18.1.0] AndroidManifest.xml:17:9-20:57
257            android:name="com.stripe.android.view.AddPaymentMethodActivity"
257-->[com.stripe:payments-core:18.1.0] AndroidManifest.xml:18:13-76
258            android:exported="false"
258-->[com.stripe:payments-core:18.1.0] AndroidManifest.xml:19:13-37
259            android:theme="@style/StripeDefaultTheme" />
259-->[com.stripe:payments-core:18.1.0] AndroidManifest.xml:20:13-54
260        <activity
260-->[com.stripe:payments-core:18.1.0] AndroidManifest.xml:21:9-24:57
261            android:name="com.stripe.android.view.PaymentMethodsActivity"
261-->[com.stripe:payments-core:18.1.0] AndroidManifest.xml:22:13-74
262            android:exported="false"
262-->[com.stripe:payments-core:18.1.0] AndroidManifest.xml:23:13-37
263            android:theme="@style/StripeDefaultTheme" />
263-->[com.stripe:payments-core:18.1.0] AndroidManifest.xml:24:13-54
264        <activity
264-->[com.stripe:payments-core:18.1.0] AndroidManifest.xml:25:9-28:57
265            android:name="com.stripe.android.view.PaymentFlowActivity"
265-->[com.stripe:payments-core:18.1.0] AndroidManifest.xml:26:13-71
266            android:exported="false"
266-->[com.stripe:payments-core:18.1.0] AndroidManifest.xml:27:13-37
267            android:theme="@style/StripeDefaultTheme" />
267-->[com.stripe:payments-core:18.1.0] AndroidManifest.xml:28:13-54
268        <activity
268-->[com.stripe:payments-core:18.1.0] AndroidManifest.xml:29:9-33:58
269            android:name="com.stripe.android.view.PaymentAuthWebViewActivity"
269-->[com.stripe:payments-core:18.1.0] AndroidManifest.xml:30:13-78
270            android:exported="false"
270-->[com.stripe:payments-core:18.1.0] AndroidManifest.xml:31:13-37
271            android:theme="@style/StripeDefaultTheme"
271-->[com.stripe:payments-core:18.1.0] AndroidManifest.xml:32:13-54
272            android:windowSoftInputMode="adjustResize" />
272-->[com.stripe:payments-core:18.1.0] AndroidManifest.xml:33:13-55
273        <activity
273-->[com.stripe:payments-core:18.1.0] AndroidManifest.xml:34:9-37:61
274            android:name="com.stripe.android.view.PaymentRelayActivity"
274-->[com.stripe:payments-core:18.1.0] AndroidManifest.xml:35:13-72
275            android:exported="false"
275-->[com.stripe:payments-core:18.1.0] AndroidManifest.xml:36:13-37
276            android:theme="@style/StripeTransparentTheme" />
276-->[com.stripe:payments-core:18.1.0] AndroidManifest.xml:37:13-58
277        <!--
278        Set android:launchMode="singleTop" so that the StripeBrowserLauncherActivity instance that
279        launched the browser Activity will also handle the return URL deep link.
280        -->
281        <activity
281-->[com.stripe:payments-core:18.1.0] AndroidManifest.xml:43:9-60:20
282            android:name="com.stripe.android.payments.StripeBrowserLauncherActivity"
282-->[com.stripe:payments-core:18.1.0] AndroidManifest.xml:44:13-85
283            android:exported="true"
283-->[com.stripe:payments-core:18.1.0] AndroidManifest.xml:45:13-36
284            android:launchMode="singleTask"
284-->[com.stripe:payments-core:18.1.0] AndroidManifest.xml:46:13-44
285            android:theme="@style/StripeTransparentTheme" >
285-->[com.stripe:payments-core:18.1.0] AndroidManifest.xml:47:13-58
286            <intent-filter>
286-->[com.stripe:payments-core:18.1.0] AndroidManifest.xml:48:13-59:29